<?xml version="1.0" encoding="UTF-8"?>
<!-- Generated by org.testng.reporters.JUnitReportReporter -->
<testsuite hostname="Vamsi098" failures="0" tests="1" name="driverFactory.AppTest" time="40.934" errors="0" timestamp="2024-12-21T09:02:34 IST" skipped="0">
  <testcase classname="driverFactory.AppTest" name="kickStart" time="40.934"/>
</testsuite> <!-- driverFactory.AppTest -->
